<?xml version="1.0" encoding="UTF-8"?>
<!-- Generated by org.testng.reporters.JUnitReportReporter -->
<testsuite hostname="LPBL5CD202JNKK" failures="0" tests="2" name="Zerobank_Sudip_POC.test_Zerobank_Runner" time="48.081" errors="0" timestamp="2024-09-20T13:24:47 IST" skipped="0">
  <testcase classname="Zerobank_Sudip_POC.test_Zerobank_Runner" name="testLogin" time="25.415"/>
  <testcase classname="Zerobank_Sudip_POC.test_Zerobank_Runner" name="testAddpayee" time="22.666"/>
</testsuite> <!-- Zerobank_Sudip_POC.test_Zerobank_Runner -->
